[15-Mar-2026 12:26:20 UTC] PHP Fatal error:  Uncaught TypeError: ltrim(): Argument #1 ($string) must be of type string, WP_Error given in C:\Users\filip\Local Sites\woocommarce\app\public\wp-includes\formatting.php:4496
Stack trace:
#0 C:\Users\filip\Local Sites\woocommarce\app\public\wp-includes\formatting.php(4496): ltrim(Object(WP_Error))
#1 C:\Users\filip\Local Sites\woocommarce\app\public\wp-content\themes\mebeL\template-parts\components\products-grid.php(20): esc_url(Object(WP_Error))
#2 C:\Users\filip\Local Sites\woocommarce\app\public\wp-includes\template.php(816): require('C:\\Users\\filip\\...')
#3 C:\Users\filip\Local Sites\woocommarce\app\public\wp-includes\template.php(749): load_template('C:\\Users\\filip\\...', false, Array)
#4 C:\Users\filip\Local Sites\woocommarce\app\public\wp-includes\general-template.php(206): locate_template(Array, true, false, Array)
#5 C:\Users\filip\Local Sites\woocommarce\app\public\wp-content\themes\mebeL\front-page.php(76): get_template_part('template-parts/...', '', Array)
#6 C:\Users\filip\Local Sites\woocommarce\app\public\wp-includes\template-loader.php(132): include('C:\\Users\\filip\\...')
#7 C:\Users\filip\Local Sites\woocommarce\app\public\wp-blog-header.php(19): require_once('C:\\Users\\filip\\...')
#8 C:\Users\filip\Local Sites\woocommarce\app\public\index.php(17): require('C:\\Users\\filip\\...')
#9 {main}
  thrown in C:\Users\filip\Local Sites\woocommarce\app\public\wp-includes\formatting.php on line 4496
[15-Mar-2026 12:26:34 UTC] PHP Fatal error:  Uncaught TypeError: ltrim(): Argument #1 ($string) must be of type string, WP_Error given in C:\Users\filip\Local Sites\woocommarce\app\public\wp-includes\formatting.php:4496
Stack trace:
#0 C:\Users\filip\Local Sites\woocommarce\app\public\wp-includes\formatting.php(4496): ltrim(Object(WP_Error))
#1 C:\Users\filip\Local Sites\woocommarce\app\public\wp-content\themes\mebeL\template-parts\components\products-grid.php(20): esc_url(Object(WP_Error))
#2 C:\Users\filip\Local Sites\woocommarce\app\public\wp-includes\template.php(816): require('C:\\Users\\filip\\...')
#3 C:\Users\filip\Local Sites\woocommarce\app\public\wp-includes\template.php(749): load_template('C:\\Users\\filip\\...', false, Array)
#4 C:\Users\filip\Local Sites\woocommarce\app\public\wp-includes\general-template.php(206): locate_template(Array, true, false, Array)
#5 C:\Users\filip\Local Sites\woocommarce\app\public\wp-content\themes\mebeL\front-page.php(76): get_template_part('template-parts/...', '', Array)
#6 C:\Users\filip\Local Sites\woocommarce\app\public\wp-includes\template-loader.php(132): include('C:\\Users\\filip\\...')
#7 C:\Users\filip\Local Sites\woocommarce\app\public\wp-blog-header.php(19): require_once('C:\\Users\\filip\\...')
#8 C:\Users\filip\Local Sites\woocommarce\app\public\index.php(17): require('C:\\Users\\filip\\...')
#9 {main}
  thrown in C:\Users\filip\Local Sites\woocommarce\app\public\wp-includes\formatting.php on line 4496
[15-Mar-2026 12:26:47 UTC] PHP Fatal error:  Uncaught TypeError: ltrim(): Argument #1 ($string) must be of type string, WP_Error given in C:\Users\filip\Local Sites\woocommarce\app\public\wp-includes\formatting.php:4496
Stack trace:
#0 C:\Users\filip\Local Sites\woocommarce\app\public\wp-includes\formatting.php(4496): ltrim(Object(WP_Error))
#1 C:\Users\filip\Local Sites\woocommarce\app\public\wp-content\themes\mebeL\template-parts\components\products-grid.php(20): esc_url(Object(WP_Error))
#2 C:\Users\filip\Local Sites\woocommarce\app\public\wp-includes\template.php(816): require('C:\\Users\\filip\\...')
#3 C:\Users\filip\Local Sites\woocommarce\app\public\wp-includes\template.php(749): load_template('C:\\Users\\filip\\...', false, Array)
#4 C:\Users\filip\Local Sites\woocommarce\app\public\wp-includes\general-template.php(206): locate_template(Array, true, false, Array)
#5 C:\Users\filip\Local Sites\woocommarce\app\public\wp-content\themes\mebeL\front-page.php(76): get_template_part('template-parts/...', '', Array)
#6 C:\Users\filip\Local Sites\woocommarce\app\public\wp-includes\template-loader.php(132): include('C:\\Users\\filip\\...')
#7 C:\Users\filip\Local Sites\woocommarce\app\public\wp-blog-header.php(19): require_once('C:\\Users\\filip\\...')
#8 C:\Users\filip\Local Sites\woocommarce\app\public\index.php(17): require('C:\\Users\\filip\\...')
#9 {main}
  thrown in C:\Users\filip\Local Sites\woocommarce\app\public\wp-includes\formatting.php on line 4496
[15-Mar-2026 12:26:55 UTC] PHP Fatal error:  Uncaught TypeError: ltrim(): Argument #1 ($string) must be of type string, WP_Error given in C:\Users\filip\Local Sites\woocommarce\app\public\wp-includes\formatting.php:4496
Stack trace:
#0 C:\Users\filip\Local Sites\woocommarce\app\public\wp-includes\formatting.php(4496): ltrim(Object(WP_Error))
#1 C:\Users\filip\Local Sites\woocommarce\app\public\wp-content\themes\mebeL\template-parts\components\products-grid.php(20): esc_url(Object(WP_Error))
#2 C:\Users\filip\Local Sites\woocommarce\app\public\wp-includes\template.php(816): require('C:\\Users\\filip\\...')
#3 C:\Users\filip\Local Sites\woocommarce\app\public\wp-includes\template.php(749): load_template('C:\\Users\\filip\\...', false, Array)
#4 C:\Users\filip\Local Sites\woocommarce\app\public\wp-includes\general-template.php(206): locate_template(Array, true, false, Array)
#5 C:\Users\filip\Local Sites\woocommarce\app\public\wp-content\themes\mebeL\front-page.php(76): get_template_part('template-parts/...', '', Array)
#6 C:\Users\filip\Local Sites\woocommarce\app\public\wp-includes\template-loader.php(132): include('C:\\Users\\filip\\...')
#7 C:\Users\filip\Local Sites\woocommarce\app\public\wp-blog-header.php(19): require_once('C:\\Users\\filip\\...')
#8 C:\Users\filip\Local Sites\woocommarce\app\public\index.php(17): require('C:\\Users\\filip\\...')
#9 {main}
  thrown in C:\Users\filip\Local Sites\woocommarce\app\public\wp-includes\formatting.php on line 4496
